<?xml version="1.0" encoding="UTF-8"?>
<!-- Generated by org.testng.reporters.JUnitReportReporter -->
<testsuite hostname="LAPTOP-068DGR6T" name="rcspro.tests.TestThree" tests="1" failures="0" timestamp="4 Oct 2019 15:26:01 GMT" time="0.192" errors="0">
  <testcase name="SearchUSAMthd" time="0.192" classname="rcspro.tests.TestThree"/>
</testsuite> <!-- rcspro.tests.TestThree -->
